<?xml version="1.0" encoding="UTF-8"?>
<testng-results ignored="0" total="3" passed="2" failed="1" skipped="0">
  <reporter-output>
  </reporter-output>
  <suite started-at="2025-05-01T01:57:07 CST" name="Default suite" finished-at="2025-05-01T01:57:34 CST" duration-ms="27715">
    <groups>
    </groups>
    <test started-at="2025-05-01T01:57:07 CST" name="Default test" finished-at="2025-05-01T01:57:34 CST" duration-ms="27715">
      <class name="com.ejemplo.todoist.tests.LoginFail">
        <test-method is-config="true" signature="setUp()[pri:0, instance:com.ejemplo.todoist.tests.LoginFail@5bf0d49]" started-at="2025-05-01T01:57:07 CST" name="setUp" finished-at="2025-05-01T01:57:08 CST" duration-ms="1620" status="PASS">
          <reporter-output>
          </reporter-output>
        </test-method> <!-- setUp -->
        <test-method signature="loginFallidoTodoist()[pri:2, instance:com.ejemplo.todoist.tests.LoginFail@5bf0d49]" started-at="2025-05-01T01:57:08 CST" name="loginFallidoTodoist" finished-at="2025-05-01T01:57:13 CST" duration-ms="4401" status="FAIL">
          <exception class="java.lang.AssertionError">
            <message>
              <![CDATA[⚠ No se detectó el mensaje de error esperado. expected [true] but found [false]]]>
            </message>
            <full-stacktrace>
              <![CDATA[java.lang.AssertionError: ⚠ No se detectó el mensaje de error esperado. expected [true] but found [false]
at org.testng.Assert.fail(Assert.java:111)
at org.testng.Assert.failNotEquals(Assert.java:1578)
at org.testng.Assert.assertTrue(Assert.java:57)
at com.ejemplo.todoist.tests.LoginFail.loginFallidoTodoist(LoginFail.java:51)
at java.base/jdk.internal.reflect.DirectMethodHandleAccessor.invoke(DirectMethodHandleAccessor.java:103)
at java.base/java.lang.reflect.Method.invoke(Method.java:580)
at org.testng.internal.invokers.MethodInvocationHelper.invokeMethod(MethodInvocationHelper.java:139)
at org.testng.internal.invokers.TestInvoker.invokeMethod(TestInvoker.java:664)
at org.testng.internal.invokers.TestInvoker.invokeTestMethod(TestInvoker.java:228)
at org.testng.internal.invokers.MethodRunner.runInSequence(MethodRunner.java:63)
at org.testng.internal.invokers.TestInvoker$MethodInvocationAgent.invoke(TestInvoker.java:961)
at org.testng.internal.invokers.TestInvoker.invokeTestMethods(TestInvoker.java:201)
at org.testng.internal.invokers.TestMethodWorker.invokeTestMethods(TestMethodWorker.java:148)
at org.testng.internal.invokers.TestMethodWorker.run(TestMethodWorker.java:128)
at java.base/java.util.ArrayList.forEach(ArrayList.java:1596)
at org.testng.TestRunner.privateRun(TestRunner.java:819)
at org.testng.TestRunner.run(TestRunner.java:619)
at org.testng.SuiteRunner.runTest(SuiteRunner.java:443)
at org.testng.SuiteRunner.runSequentially(SuiteRunner.java:437)
at org.testng.SuiteRunner.privateRun(SuiteRunner.java:397)
at org.testng.SuiteRunner.run(SuiteRunner.java:336)
at org.testng.SuiteRunnerWorker.runSuite(SuiteRunnerWorker.java:52)
at org.testng.SuiteRunnerWorker.run(SuiteRunnerWorker.java:95)
at org.testng.TestNG.runSuitesSequentially(TestNG.java:1301)
at org.testng.TestNG.runSuitesLocally(TestNG.java:1228)
at org.testng.TestNG.runSuites(TestNG.java:1134)
at org.testng.TestNG.run(TestNG.java:1101)
at org.testng.remote.AbstractRemoteTestNG.run(AbstractRemoteTestNG.java:115)
at org.testng.remote.RemoteTestNG.initAndRun(RemoteTestNG.java:293)
at org.testng.remote.RemoteTestNG.main(RemoteTestNG.java:91)
]]>
            </full-stacktrace>
          </exception> <!-- java.lang.AssertionError -->
          <reporter-output>
          </reporter-output>
        </test-method> <!-- loginFallidoTodoist -->
        <test-method is-config="true" signature="tearDown()[pri:0, instance:com.ejemplo.todoist.tests.LoginFail@5bf0d49]" started-at="2025-05-01T01:57:13 CST" name="tearDown" finished-at="2025-05-01T01:57:13 CST" duration-ms="169" status="PASS">
          <reporter-output>
          </reporter-output>
        </test-method> <!-- tearDown -->
      </class> <!-- com.ejemplo.todoist.tests.LoginFail -->
      <class name="com.ejemplo.todoist.tests.CreateTaskTest">
        <test-method is-config="true" signature="setUp()[pri:0, instance:com.ejemplo.todoist.tests.CreateTaskTest@3c46e67a]" started-at="2025-05-01T01:57:13 CST" name="setUp" finished-at="2025-05-01T01:57:14 CST" duration-ms="1189" status="PASS">
          <reporter-output>
          </reporter-output>
        </test-method> <!-- setUp -->
        <test-method signature="crearTareaEnTodoist()[pri:3, instance:com.ejemplo.todoist.tests.CreateTaskTest@3c46e67a]" started-at="2025-05-01T01:57:14 CST" name="crearTareaEnTodoist" finished-at="2025-05-01T01:57:24 CST" duration-ms="9478" status="PASS">
          <reporter-output>
          </reporter-output>
        </test-method> <!-- crearTareaEnTodoist -->
        <test-method is-config="true" signature="tearDown()[pri:0, instance:com.ejemplo.todoist.tests.CreateTaskTest@3c46e67a]" started-at="2025-05-01T01:57:24 CST" name="tearDown" finished-at="2025-05-01T01:57:24 CST" duration-ms="204" status="PASS">
          <reporter-output>
          </reporter-output>
        </test-method> <!-- tearDown -->
      </class> <!-- com.ejemplo.todoist.tests.CreateTaskTest -->
      <class name="com.ejemplo.todoist.tests.LoginTest">
        <test-method is-config="true" signature="setUp()[pri:0, instance:com.ejemplo.todoist.tests.LoginTest@c730b35]" started-at="2025-05-01T01:57:24 CST" name="setUp" finished-at="2025-05-01T01:57:25 CST" duration-ms="1113" status="PASS">
          <reporter-output>
          </reporter-output>
        </test-method> <!-- setUp -->
        <test-method signature="loginTodoist()[pri:1, instance:com.ejemplo.todoist.tests.LoginTest@c730b35]" started-at="2025-05-01T01:57:25 CST" name="loginTodoist" finished-at="2025-05-01T01:57:34 CST" duration-ms="9301" status="PASS">
          <reporter-output>
          </reporter-output>
        </test-method> <!-- loginTodoist -->
        <test-method is-config="true" signature="tearDown()[pri:0, instance:com.ejemplo.todoist.tests.LoginTest@c730b35]" started-at="2025-05-01T01:57:34 CST" name="tearDown" finished-at="2025-05-01T01:57:34 CST" duration-ms="200" status="PASS">
          <reporter-output>
          </reporter-output>
        </test-method> <!-- tearDown -->
      </class> <!-- com.ejemplo.todoist.tests.LoginTest -->
    </test> <!-- Default test -->
  </suite> <!-- Default suite -->
</testng-results>
