<?xml version="1.0" encoding="UTF-8"?>
<testng-results ignored="0" total="1" passed="1" failed="0" skipped="0">
  <reporter-output>
  </reporter-output>
  <suite started-at="2025-04-30T12:50:51 CST" name="Default suite" finished-at="2025-04-30T12:50:58 CST" duration-ms="6997">
    <groups>
    </groups>
    <test started-at="2025-04-30T12:50:51 CST" name="Default test" finished-at="2025-04-30T12:50:58 CST" duration-ms="6997">
      <class name="com.ejemplo.todoist.tests.LoginTest">
        <test-method is-config="true" signature="setUp()[pri:0, instance:com.ejemplo.todoist.tests.LoginTest@3754a4bf]" started-at="2025-04-30T12:50:51 CST" name="setUp" finished-at="2025-04-30T12:50:53 CST" duration-ms="2726" status="PASS">
          <reporter-output>
          </reporter-output>
        </test-method> <!-- setUp -->
        <test-method signature="loginTodoist()[pri:0, instance:com.ejemplo.todoist.tests.LoginTest@3754a4bf]" started-at="2025-04-30T12:50:53 CST" name="loginTodoist" finished-at="2025-04-30T12:50:58 CST" duration-ms="4050" status="PASS">
          <reporter-output>
          </reporter-output>
        </test-method> <!-- loginTodoist -->
        <test-method is-config="true" signature="tearDown()[pri:0, instance:com.ejemplo.todoist.tests.LoginTest@3754a4bf]" started-at="2025-04-30T12:50:58 CST" name="tearDown" finished-at="2025-04-30T12:50:58 CST" duration-ms="191" status="PASS">
          <reporter-output>
          </reporter-output>
        </test-method> <!-- tearDown -->
      </class> <!-- com.ejemplo.todoist.tests.LoginTest -->
    </test> <!-- Default test -->
  </suite> <!-- Default suite -->
</testng-results>
