<?xml version="1.0" encoding="UTF-8"?>
<testng-results ignored="0" total="2" passed="2" failed="0" skipped="0">
  <reporter-output>
  </reporter-output>
  <suite started-at="2025-04-30T15:00:18 CST" name="Default suite" finished-at="2025-04-30T15:00:32 CST" duration-ms="13205">
    <groups>
    </groups>
    <test started-at="2025-04-30T15:00:18 CST" name="Default test" finished-at="2025-04-30T15:00:32 CST" duration-ms="13205">
      <class name="com.ejemplo.todoist.tests.LoginFail">
        <test-method is-config="true" signature="setUp()[pri:0, instance:com.ejemplo.todoist.tests.LoginFail@4afcd809]" started-at="2025-04-30T15:00:18 CST" name="setUp" finished-at="2025-04-30T15:00:21 CST" duration-ms="2290" status="PASS">
          <reporter-output>
          </reporter-output>
        </test-method> <!-- setUp -->
        <test-method signature="loginFallidoTodoist()[pri:0, instance:com.ejemplo.todoist.tests.LoginFail@4afcd809]" started-at="2025-04-30T15:00:21 CST" name="loginFallidoTodoist" finished-at="2025-04-30T15:00:26 CST" duration-ms="4901" status="PASS">
          <reporter-output>
          </reporter-output>
        </test-method> <!-- loginFallidoTodoist -->
        <test-method is-config="true" signature="tearDown()[pri:0, instance:com.ejemplo.todoist.tests.LoginFail@4afcd809]" started-at="2025-04-30T15:00:26 CST" name="tearDown" finished-at="2025-04-30T15:00:26 CST" duration-ms="175" status="PASS">
          <reporter-output>
          </reporter-output>
        </test-method> <!-- tearDown -->
      </class> <!-- com.ejemplo.todoist.tests.LoginFail -->
      <class name="com.ejemplo.todoist.tests.LoginTest">
        <test-method is-config="true" signature="setUp()[pri:0, instance:com.ejemplo.todoist.tests.LoginTest@408d971b]" started-at="2025-04-30T15:00:26 CST" name="setUp" finished-at="2025-04-30T15:00:27 CST" duration-ms="1079" status="PASS">
          <reporter-output>
          </reporter-output>
        </test-method> <!-- setUp -->
        <test-method signature="loginTodoist()[pri:0, instance:com.ejemplo.todoist.tests.LoginTest@408d971b]" started-at="2025-04-30T15:00:27 CST" name="loginTodoist" finished-at="2025-04-30T15:00:31 CST" duration-ms="4569" status="PASS">
          <reporter-output>
          </reporter-output>
        </test-method> <!-- loginTodoist -->
        <test-method is-config="true" signature="tearDown()[pri:0, instance:com.ejemplo.todoist.tests.LoginTest@408d971b]" started-at="2025-04-30T15:00:31 CST" name="tearDown" finished-at="2025-04-30T15:00:32 CST" duration-ms="156" status="PASS">
          <reporter-output>
          </reporter-output>
        </test-method> <!-- tearDown -->
      </class> <!-- com.ejemplo.todoist.tests.LoginTest -->
    </test> <!-- Default test -->
  </suite> <!-- Default suite -->
</testng-results>
